<?xml version="1.0" encoding="UTF-8" standalone="yes"?><!DOCTYPE report PUBLIC "-//JACOCO//DTD Report 1.0//EN" "report.dtd"><report name="JaCoCo"><sessioninfo id="DESKTOP-0Q7EO21-9b16a157" start="1574842304875" dump="1574842305417"/><sessioninfo id="DESKTOP-0Q7EO21-ad255c3a" start="1574843164183" dump="1574843164763"/><sessioninfo id="DESKTOP-0Q7EO21-c875d464" start="1574843333671" dump="1574843334264"/><sessioninfo id="DESKTOP-0Q7EO21-eb14d69c" start="1574843911309" dump="1574843911896"/><sessioninfo id="DESKTOP-0Q7EO21-98aa9b8a" start="1574845222747" dump="1574845223312"/><sessioninfo id="DESKTOP-0Q7EO21-fdcb5042" start="1574845708741" dump="1574845709394"/><sessioninfo id="DESKTOP-0Q7EO21-89926817" start="1574846396530" dump="1574846397121"/><sessioninfo id="DESKTOP-0Q7EO21-7fba32f5" start="1574847216221" dump="1574847216880"/><package name="com/test/jacoco"><class name="com/test/jacoco/HelloWorld"><method name="&lt;init&gt;" desc="()V" line="7"><counter type="INSTRUCTION" missed="0" covered="3"/><counter type="LINE" missed="0" covered="2"/><counter type="COMPLEXITY" missed="0" covered="1"/><counter type="METHOD" missed="0" covered="1"/></method><method name="Method1" desc="()Ljava/lang/String;" line="12"><counter type="INSTRUCTION" missed="0" covered="2"/><counter type="LINE" missed="0" covered="1"/><counter type="COMPLEXITY" missed="0" covered="1"/><counter type="METHOD" missed="0" covered="1"/></method><method name="Method2" desc="(II)I" line="16"><counter type="INSTRUCTION" missed="0" covered="4"/><counter type="LINE" missed="0" covered="1"/><counter type="COMPLEXITY" missed="0" covered="1"/><counter type="METHOD" missed="0" covered="1"/></method><method name="Method3" desc="(III)I" line="20"><counter type="INSTRUCTION" missed="0" covered="24"/><counter type="BRANCH" missed="0" covered="10"/><counter type="LINE" missed="0" covered="6"/><counter type="COMPLEXITY" missed="0" covered="6"/><counter type="METHOD" missed="0" covered="1"/></method><method name="Method4" desc="(IIIIF)I" line="31"><counter type="INSTRUCTION" missed="0" covered="25"/><counter type="BRANCH" missed="2" covered="6"/><counter type="LINE" missed="0" covered="7"/><counter type="COMPLEXITY" missed="2" covered="3"/><counter type="METHOD" missed="0" covered="1"/></method><method name="bug" desc="(I)Z" line="43"><counter type="INSTRUCTION" missed="0" covered="7"/><counter type="BRANCH" missed="0" covered="2"/><counter type="LINE" missed="0" covered="2"/><counter type="COMPLEXITY" missed="0" covered="2"/><counter type="METHOD" missed="0" covered="1"/></method><method name="isTriangle" desc="(III)Z" line="48"><counter type="INSTRUCTION" missed="0" covered="25"/><counter type="BRANCH" missed="0" covered="12"/><counter type="LINE" missed="0" covered="3"/><counter type="COMPLEXITY" missed="0" covered="7"/><counter type="METHOD" missed="0" covered="1"/></method><method name="isBirthday" desc="(III)Z" line="54"><counter type="INSTRUCTION" missed="0" covered="75"/><counter type="BRANCH" missed="0" covered="42"/><counter type="LINE" missed="0" covered="9"/><counter type="COMPLEXITY" missed="0" covered="22"/><counter type="METHOD" missed="0" covered="1"/></method><method name="miniCalculator" desc="(DDC)Ljava/lang/Double;" line="67"><counter type="INSTRUCTION" missed="0" covered="33"/><counter type="BRANCH" missed="0" covered="8"/><counter type="LINE" missed="0" covered="6"/><counter type="COMPLEXITY" missed="0" covered="5"/><counter type="METHOD" missed="0" covered="1"/></method><counter type="INSTRUCTION" missed="0" covered="198"/><counter type="BRANCH" missed="2" covered="80"/><counter type="LINE" missed="0" covered="37"/><counter type="COMPLEXITY" missed="2" covered="48"/><counter type="METHOD" missed="0" covered="9"/><counter type="CLASS" missed="0" covered="1"/></class><sourcefile name="HelloWorld.java"><line nr="7" mi="0" ci="2" mb="0" cb="0"/><line nr="9" mi="0" ci="1" mb="0" cb="0"/><line nr="12" mi="0" ci="2" mb="0" cb="0"/><line nr="16" mi="0" ci="4" mb="0" cb="0"/><line nr="20" mi="0" ci="7" mb="0" cb="6"/><line nr="21" mi="0" ci="3" mb="0" cb="0"/><line nr="23" mi="0" ci="6" mb="0" cb="4"/><line nr="24" mi="0" ci="3" mb="0" cb="0"/><line nr="26" mi="0" ci="3" mb="0" cb="0"/><line nr="27" mi="0" ci="2" mb="0" cb="0"/><line nr="31" mi="0" ci="2" mb="0" cb="2"/><line nr="32" mi="0" ci="2" mb="0" cb="0"/><line nr="34" mi="0" ci="2" mb="0" cb="0"/><line nr="35" mi="0" ci="10" mb="2" cb="4"/><line nr="36" mi="0" ci="2" mb="0" cb="0"/><line nr="38" mi="0" ci="5" mb="0" cb="0"/><line nr="39" mi="0" ci="2" mb="0" cb="0"/><line nr="43" mi="0" ci="5" mb="0" cb="2"/><line nr="44" mi="0" ci="2" mb="0" cb="0"/><line nr="48" mi="0" ci="21" mb="0" cb="12"/><line nr="49" mi="0" ci="2" mb="0" cb="0"/><line nr="50" mi="0" ci="2" mb="0" cb="0"/><line nr="54" mi="0" ci="18" mb="0" cb="12"/><line nr="55" mi="0" ci="2" mb="0" cb="0"/><line nr="56" mi="0" ci="15" mb="0" cb="10"/><line nr="57" mi="0" ci="2" mb="0" cb="0"/><line nr="58" mi="0" ci="20" mb="0" cb="12"/><line nr="59" mi="0" ci="2" mb="0" cb="0"/><line nr="60" mi="0" ci="12" mb="0" cb="8"/><line nr="61" mi="0" ci="2" mb="0" cb="0"/><line nr="62" mi="0" ci="2" mb="0" cb="0"/><line nr="67" mi="0" ci="2" mb="0" cb="0"/><line nr="68" mi="0" ci="7" mb="0" cb="2"/><line nr="69" mi="0" ci="7" mb="0" cb="2"/><line nr="70" mi="0" ci="7" mb="0" cb="2"/><line nr="71" mi="0" ci="7" mb="0" cb="2"/><line nr="72" mi="0" ci="3" mb="0" cb="0"/><counter type="INSTRUCTION" missed="0" covered="198"/><counter type="BRANCH" missed="2" covered="80"/><counter type="LINE" missed="0" covered="37"/><counter type="COMPLEXITY" missed="2" covered="48"/><counter type="METHOD" missed="0" covered="9"/><counter type="CLASS" missed="0" covered="1"/></sourcefile><counter type="INSTRUCTION" missed="0" covered="198"/><counter type="BRANCH" missed="2" covered="80"/><counter type="LINE" missed="0" covered="37"/><counter type="COMPLEXITY" missed="2" covered="48"/><counter type="METHOD" missed="0" covered="9"/><counter type="CLASS" missed="0" covered="1"/></package><counter type="INSTRUCTION" missed="0" covered="198"/><counter type="BRANCH" missed="2" covered="80"/><counter type="LINE" missed="0" covered="37"/><counter type="COMPLEXITY" missed="2" covered="48"/><counter type="METHOD" missed="0" covered="9"/><counter type="CLASS" missed="0" covered="1"/></report>